Data Fix Script Execution Log
================================================================================

Run Start Date: Jan 5, 2026 10:45:00 AM
Target Environment: [DEV]
Input File: [datafix_template.xlsx]

================================================================================
Phase 1: Initialization
================================================================================
Loading Excel input file...
Found 38531 records
Update Mode: Batch Update
Validation Level: Strict
Establishing connection...
Connected to: http://ncorp-amsval-03.ranbaxy.com:7001/Agile
Database User: admin

================================================================================
Phase 2: Performing Pre-Processing Validation
================================================================================
Validating input data...
Checking for duplicate entries...
✓ No duplicates found
Pre-validation summary: 38531 records ready for processing

================================================================================
Phase 4: Processing
================================================================================
Processing 38531 Items...
Batch 1/39: Processing items 1-1000... Updated 1000 items
Batch 2/39: Processing items 1001-2000... Updated 1000 items
Batch 3/39: Processing items 2001-3000... Updated 1000 items
Batch 4/39: Processing items 3001-4000... Updated 1000 items
Batch 5/39: Processing items 4001-5000... Updated 1000 items
Batch 6/39: Processing items 5001-6000... Updated 1000 items
Batch 7/39: Processing items 6001-7000... Updated 1000 items
Batch 8/39: Processing items 7001-8000... Updated 1000 items
Batch 9/39: Processing items 8001-9000... Updated 1000 items
Batch 10/39: Processing items 9001-10000... Updated 1000 items
Batch 11/39: Processing items 10001-11000... Updated 1000 items
Batch 12/39: Processing items 11001-12000... Updated 1000 items
Batch 13/39: Processing items 12001-13000... Updated 1000 items
Batch 14/39: Processing items 13001-14000... Updated 1000 items
Batch 15/39: Processing items 14001-15000... Updated 1000 items
Batch 16/39: Processing items 15001-16000... Updated 1000 items
Batch 17/39: Processing items 16001-17000... Updated 1000 items
Batch 18/39: Processing items 17001-18000... Updated 1000 items
Batch 19/39: Processing items 18001-19000... Updated 1000 items
Batch 20/39: Processing items 19001-20000... Updated 1000 items
Batch 21/39: Processing items 20001-21000... Updated 1000 items
Batch 22/39: Processing items 21001-22000... Updated 1000 items
Batch 23/39: Processing items 22001-23000... Updated 1000 items
Batch 24/39: Processing items 23001-24000... Updated 1000 items
Batch 25/39: Processing items 24001-25000... Updated 1000 items
Batch 26/39: Processing items 25001-26000... Updated 1000 items
Batch 27/39: Processing items 26001-27000... Updated 1000 items
Batch 28/39: Processing items 27001-28000... Updated 1000 items
Batch 29/39: Processing items 28001-29000... Updated 1000 items
Batch 30/39: Processing items 29001-30000... Updated 1000 items
Batch 31/39: Processing items 30001-31000... Updated 1000 items
Batch 32/39: Processing items 31001-32000... Updated 1000 items
Batch 33/39: Processing items 32001-33000... Updated 1000 items
Batch 34/39: Processing items 33001-34000... Updated 1000 items
Batch 35/39: Processing items 34001-35000... Updated 1000 items
Batch 36/39: Processing items 35001-36000... Updated 1000 items
Batch 37/39: Processing items 36001-37000... Updated 1000 items
Batch 38/39: Processing items 37001-38000... Updated 1000 items
Batch 39/39: Processing items 38001-38531... Updated 531 items

Processing completed: 38531/38531 successful

================================================================================
Phase 5: Cleanup and Finalization
================================================================================
Closing connection...
Cleanup completed

================================================================================
Execution Summary
================================================================================
Run End Date: Jan 5, 2026 11:23:00 AM
Run Duration: 0:38:20:0
Total Records Processed: 38531
- Changes Updated: 38531
Success Rate: 100%
Errors: 0
Warnings: 0

Status: SUCCESS
Data fix operations completed successfully.
================================================================================
==================== End of Data Fix Operation ==================
==================================================================
==================================================================
